[ 2026-01-09 00:15:26,871 ] 1025 httpx - INFO - HTTP Request: GET https://dagshub.com/api/v1/user "HTTP/1.1 200 OK"
[ 2026-01-09 00:15:26,875 ] 107 dagshub - INFO - Accessing as Adarsh2004ku
[ 2026-01-09 00:15:27,954 ] 1025 httpx - INFO - HTTP Request: GET https://dagshub.com/api/v1/repos/Adarsh2004ku/Network_Security "HTTP/1.1 200 OK"
[ 2026-01-09 00:15:28,938 ] 1025 httpx - INFO - HTTP Request: GET https://dagshub.com/api/v1/user "HTTP/1.1 200 OK"
[ 2026-01-09 00:15:28,941 ] 107 dagshub - INFO - Initialized MLflow to track repo "Adarsh2004ku/Network_Security"
[ 2026-01-09 00:15:28,942 ] 107 dagshub - INFO - Repository Adarsh2004ku/Network_Security initialized!
[ 2026-01-09 00:15:28,942 ] 22 networksecurity - INFO - Initiate the data Ingestion
[ 2026-01-09 00:15:31,381 ] 62 root - INFO - Performed train test split on the dataframe
[ 2026-01-09 00:15:31,381 ] 64 root - INFO - Exited split_data_as_train_test method of Data_Ingestion class
[ 2026-01-09 00:15:31,382 ] 72 root - INFO - Exporting train and test file path.
[ 2026-01-09 00:15:31,417 ] 81 root - INFO - Exported train and test file path.
[ 2026-01-09 00:15:31,417 ] 24 networksecurity - INFO - Completed the data Ingestion
[ 2026-01-09 00:15:31,420 ] 29 networksecurity - INFO - Initiate the data Validation
[ 2026-01-09 00:15:31,432 ] 34 root - INFO - Required number of columns:2
[ 2026-01-09 00:15:31,432 ] 35 root - INFO - Data frame has columns:31
[ 2026-01-09 00:15:31,432 ] 34 root - INFO - Required number of columns:2
[ 2026-01-09 00:15:31,432 ] 35 root - INFO - Data frame has columns:31
[ 2026-01-09 00:15:31,523 ] 31 networksecurity - INFO - Completed the data Validation
[ 2026-01-09 00:15:31,523 ] 35 networksecurity - INFO - data Transformation started
[ 2026-01-09 00:15:31,523 ] 63 root - INFO - Entered initiate_data_transformation method of DataTransformation class
[ 2026-01-09 00:15:31,523 ] 65 root - INFO - Starting data transformation
[ 2026-01-09 00:15:31,535 ] 48 root - INFO - Entered get_data_trnasformer_object method of Trnasformation class
[ 2026-01-09 00:15:31,535 ] 53 root - INFO - Initialise KNNImputer with {'missing_values': nan, 'n_neighbors': 3, 'weights': 'uniform'}
[ 2026-01-09 00:15:31,540 ] 46 root - INFO - Entered the save_object method of MainUtils class
[ 2026-01-09 00:15:31,542 ] 50 root - INFO - Exited the save_object method of MainUtils class
[ 2026-01-09 00:15:31,542 ] 46 root - INFO - Entered the save_object method of MainUtils class
[ 2026-01-09 00:15:31,544 ] 50 root - INFO - Exited the save_object method of MainUtils class
[ 2026-01-09 00:15:31,544 ] 39 networksecurity - INFO - data Transformation completed
[ 2026-01-09 00:15:31,544 ] 42 networksecurity - INFO - Model Training started
[ 2026-01-09 00:16:48,012 ] 46 root - INFO - Entered the save_object method of MainUtils class
[ 2026-01-09 00:16:48,017 ] 50 root - INFO - Exited the save_object method of MainUtils class
[ 2026-01-09 00:16:48,018 ] 46 root - INFO - Entered the save_object method of MainUtils class
[ 2026-01-09 00:16:48,021 ] 50 root - INFO - Exited the save_object method of MainUtils class
[ 2026-01-09 00:16:48,021 ] 131 root - INFO - Model Trainer Artifact: ModelTrainerArtifact(trained_model_file_path='Artifacts/15_01/09/26_2026_00_15_23/model_trainer/trained_model/model.pkl', train_metric_artifact=ClassificationMetricArtifact(f1_score=0.9913766866186466, precision_score=0.9906731549067316, recall_score=0.9920812182741117), test_metric_artifact=ClassificationMetricArtifact(f1_score=0.970281124497992, precision_score=0.9602543720190779, recall_score=0.9805194805194806)) 
[ 2026-01-09 00:16:48,023 ] 47 networksecurity - INFO - Model Training artifact created
