[ 2026-01-08 23:40:10,071 ] 1025 httpx - INFO - HTTP Request: GET https://dagshub.com/api/v1/user "HTTP/1.1 200 OK"
[ 2026-01-08 23:40:10,080 ] 107 dagshub - INFO - Accessing as Adarsh2004ku
[ 2026-01-08 23:40:11,244 ] 1025 httpx - INFO - HTTP Request: GET https://dagshub.com/api/v1/repos/Adarsh2004ku/Network_Security "HTTP/1.1 200 OK"
[ 2026-01-08 23:40:12,231 ] 1025 httpx - INFO - HTTP Request: GET https://dagshub.com/api/v1/user "HTTP/1.1 200 OK"
[ 2026-01-08 23:40:12,234 ] 107 dagshub - INFO - Initialized MLflow to track repo "Adarsh2004ku/Network_Security"
[ 2026-01-08 23:40:12,235 ] 107 dagshub - INFO - Repository Adarsh2004ku/Network_Security initialized!
[ 2026-01-08 23:40:12,235 ] 22 networksecurity - INFO - Initiate the data Ingestion
[ 2026-01-08 23:40:15,155 ] 62 root - INFO - Performed train test split on the dataframe
[ 2026-01-08 23:40:15,155 ] 64 root - INFO - Exited split_data_as_train_test method of Data_Ingestion class
[ 2026-01-08 23:40:15,155 ] 72 root - INFO - Exporting train and test file path.
[ 2026-01-08 23:40:15,188 ] 81 root - INFO - Exported train and test file path.
[ 2026-01-08 23:40:15,188 ] 24 networksecurity - INFO - Completed the data Ingestion
[ 2026-01-08 23:40:15,190 ] 29 networksecurity - INFO - Initiate the data Validation
[ 2026-01-08 23:40:15,200 ] 34 root - INFO - Required number of columns:2
[ 2026-01-08 23:40:15,200 ] 35 root - INFO - Data frame has columns:31
[ 2026-01-08 23:40:15,200 ] 34 root - INFO - Required number of columns:2
[ 2026-01-08 23:40:15,200 ] 35 root - INFO - Data frame has columns:31
[ 2026-01-08 23:40:15,294 ] 31 networksecurity - INFO - Completed the data Validation
[ 2026-01-08 23:40:15,294 ] 35 networksecurity - INFO - data Transformation started
[ 2026-01-08 23:40:15,294 ] 63 root - INFO - Entered initiate_data_transformation method of DataTransformation class
[ 2026-01-08 23:40:15,294 ] 65 root - INFO - Starting data transformation
[ 2026-01-08 23:40:15,303 ] 48 root - INFO - Entered get_data_trnasformer_object method of Trnasformation class
[ 2026-01-08 23:40:15,303 ] 53 root - INFO - Initialise KNNImputer with {'missing_values': nan, 'n_neighbors': 3, 'weights': 'uniform'}
[ 2026-01-08 23:40:15,308 ] 46 root - INFO - Entered the save_object method of MainUtils class
[ 2026-01-08 23:40:15,310 ] 50 root - INFO - Exited the save_object method of MainUtils class
[ 2026-01-08 23:40:15,310 ] 46 root - INFO - Entered the save_object method of MainUtils class
[ 2026-01-08 23:40:15,311 ] 50 root - INFO - Exited the save_object method of MainUtils class
[ 2026-01-08 23:40:15,311 ] 39 networksecurity - INFO - data Transformation completed
[ 2026-01-08 23:40:15,311 ] 42 networksecurity - INFO - Model Training started
[ 2026-01-08 23:41:34,515 ] 46 root - INFO - Entered the save_object method of MainUtils class
[ 2026-01-08 23:41:34,540 ] 50 root - INFO - Exited the save_object method of MainUtils class
[ 2026-01-08 23:41:34,540 ] 46 root - INFO - Entered the save_object method of MainUtils class
[ 2026-01-08 23:41:34,557 ] 50 root - INFO - Exited the save_object method of MainUtils class
[ 2026-01-08 23:41:34,557 ] 131 root - INFO - Model Trainer Artifact: ModelTrainerArtifact(trained_model_file_path='Artifacts/40_01/08/26_2026_23_40_07/model_trainer/trained_model/model.pkl', train_metric_artifact=ClassificationMetricArtifact(f1_score=0.9910019209382267, precision_score=0.9873086220789685, recall_score=0.9947229551451188), test_metric_artifact=ClassificationMetricArtifact(f1_score=0.9798549556809025, precision_score=0.9712460063897763, recall_score=0.9886178861788618)) 
[ 2026-01-08 23:41:34,559 ] 47 networksecurity - INFO - Model Training artifact created
