[ 2026-01-10 01:44:55,405 ] 1025 httpx - INFO - HTTP Request: GET https://dagshub.com/api/v1/user "HTTP/1.1 200 OK"
[ 2026-01-10 01:44:55,407 ] 107 dagshub - INFO - Accessing as Adarsh2004ku
[ 2026-01-10 01:44:56,452 ] 1025 httpx - INFO - HTTP Request: GET https://dagshub.com/api/v1/repos/Adarsh2004ku/Network_Security "HTTP/1.1 200 OK"
[ 2026-01-10 01:44:57,500 ] 1025 httpx - INFO - HTTP Request: GET https://dagshub.com/api/v1/user "HTTP/1.1 200 OK"
[ 2026-01-10 01:44:57,501 ] 107 dagshub - INFO - Initialized MLflow to track repo "Adarsh2004ku/Network_Security"
[ 2026-01-10 01:44:57,501 ] 107 dagshub - INFO - Repository Adarsh2004ku/Network_Security initialized!
[ 2026-01-10 01:45:15,188 ] 34 root - INFO - Start data Ingestion
[ 2026-01-10 01:45:21,528 ] 62 root - INFO - Performed train test split on the dataframe
[ 2026-01-10 01:45:21,528 ] 64 root - INFO - Exited split_data_as_train_test method of Data_Ingestion class
[ 2026-01-10 01:45:21,528 ] 72 root - INFO - Exporting train and test file path.
[ 2026-01-10 01:45:21,562 ] 81 root - INFO - Exported train and test file path.
[ 2026-01-10 01:45:21,562 ] 37 root - INFO - Data Ingestion completed and artifact: DataIngestionArtifact(trained_file_path='Artifacts/44_01/10/26_2026_01_44_52/data_ingestion/ingested/train.csv', test_file_path='Artifacts/44_01/10/26_2026_01_44_52/data_ingestion/ingested/test.csv')
[ 2026-01-10 01:45:21,565 ] 50 root - INFO - Initiate the data Validation
[ 2026-01-10 01:45:21,575 ] 34 root - INFO - Required number of columns:2
[ 2026-01-10 01:45:21,575 ] 35 root - INFO - Data frame has columns:31
[ 2026-01-10 01:45:21,575 ] 34 root - INFO - Required number of columns:2
[ 2026-01-10 01:45:21,575 ] 35 root - INFO - Data frame has columns:31
[ 2026-01-10 01:45:21,675 ] 52 root - INFO - Completed the data Validation
[ 2026-01-10 01:45:21,675 ] 62 root - INFO - Starting Data Transformation
[ 2026-01-10 01:45:21,675 ] 63 root - INFO - Entered initiate_data_transformation method of DataTransformation class
[ 2026-01-10 01:45:21,675 ] 65 root - INFO - Starting data transformation
[ 2026-01-10 01:45:21,686 ] 48 root - INFO - Entered get_data_trnasformer_object method of Trnasformation class
[ 2026-01-10 01:45:21,686 ] 53 root - INFO - Initialise KNNImputer with {'missing_values': nan, 'n_neighbors': 3, 'weights': 'uniform'}
[ 2026-01-10 01:45:21,691 ] 46 root - INFO - Entered the save_object method of MainUtils class
[ 2026-01-10 01:45:21,693 ] 50 root - INFO - Exited the save_object method of MainUtils class
[ 2026-01-10 01:45:21,693 ] 46 root - INFO - Entered the save_object method of MainUtils class
[ 2026-01-10 01:45:21,696 ] 50 root - INFO - Exited the save_object method of MainUtils class
[ 2026-01-10 01:45:21,696 ] 77 root - INFO - Data Transformation completed
[ 2026-01-10 01:46:31,619 ] 46 root - INFO - Entered the save_object method of MainUtils class
[ 2026-01-10 01:46:31,668 ] 50 root - INFO - Exited the save_object method of MainUtils class
[ 2026-01-10 01:46:31,668 ] 46 root - INFO - Entered the save_object method of MainUtils class
[ 2026-01-10 01:46:31,700 ] 50 root - INFO - Exited the save_object method of MainUtils class
[ 2026-01-10 01:46:31,700 ] 139 root - INFO - Model Trainer Artifact: ModelTrainerArtifact(trained_model_file_path='Artifacts/44_01/10/26_2026_01_44_52/model_trainer/trained_model/model.pkl', train_metric_artifact=ClassificationMetricArtifact(f1_score=0.9919208240759443, precision_score=0.9895224662502519, recall_score=0.9943308362016603), test_metric_artifact=ClassificationMetricArtifact(f1_score=0.971709717097171, precision_score=0.9705159705159705, recall_score=0.9729064039408867)) 
